<?xml version="1.0" encoding="utf-8"?><testsuites name="pytest tests"><testsuite name="pytest" errors="0" failures="0" skipped="0" tests="51" time="24.351" timestamp="2026-09-01T21:23:14.023768+00:00" hostname="agent-env-3e47f42c-b45e-4974-b6a0-93db48ff22f1"><testcase classname="tests.test_auth.TestBoundaries" name="test_admin_route_requires_token[POST/games]" time="0.292" /><testcase classname="tests.test_auth.TestBoundaries" name="test_admin_route_requires_token[PUT/games/some-id]" time="0.048" /><testcase classname="tests.test_auth.TestBoundaries" name="test_admin_route_requires_token[DELETE/games/some-id]" time="0.053" /><testcase classname="tests.test_auth.TestBoundaries" name="test_admin_route_requires_token[POST/games/some-id/lua]" time="0.043" /><testcase classname="tests.test_auth.TestBoundaries" name="test_admin_route_requires_token[DELETE/games/some-id/lua/f1]" time="0.045" /><testcase classname="tests.test_auth.TestBoundaries" name="test_admin_route_requires_token[POST/games/some-id/cover]" time="0.047" /><testcase classname="tests.test_bypass.TestBypassCRUD" name="test_create_with_file_and_download" time="2.622" /><testcase classname="tests.test_auth.TestBoundaries" name="test_admin_route_requires_token[POST/dependencies]" time="0.673" /><testcase classname="tests.test_auth.TestBoundaries" name="test_admin_route_requires_token[DELETE/dependencies/some-id]" time="0.078" /><testcase classname="tests.test_auth.TestBoundaries" name="test_admin_route_requires_token[PUT/settings]" time="0.078" /><testcase classname="tests.test_auth.TestBoundaries" name="test_admin_route_requires_token[GET/purchases]" time="0.075" /><testcase classname="tests.test_auth.TestBoundaries" name="test_admin_route_requires_token[GET/purchases/count]" time="0.039" /><testcase classname="tests.test_auth.TestBoundaries" name="test_admin_route_requires_token[POST/purchases/some-id/approve]" time="0.073" /><testcase classname="tests.test_auth.TestBoundaries" name="test_admin_route_requires_token[POST/purchases/some-id/reject]" time="0.033" /><testcase classname="tests.test_auth.TestBoundaries" name="test_admin_route_requires_token[POST/bypasses]" time="0.038" /><testcase classname="tests.test_auth.TestBoundaries" name="test_admin_route_requires_token[PUT/bypasses/some-id]" time="0.077" /><testcase classname="tests.test_auth.TestBoundaries" name="test_admin_route_requires_token[DELETE/bypasses/some-id]" time="0.044" /><testcase classname="tests.test_auth.TestBoundaries" name="test_admin_route_requires_token[POST/bypasses/some-id/file]" time="0.039" /><testcase classname="tests.test_auth.TestBoundaries" name="test_admin_route_requires_token[POST/bypasses/some-id/cover]" time="0.032" /><testcase classname="tests.test_auth.TestBoundaries" name="test_public_routes_open[/games]" time="0.292" /><testcase classname="tests.test_auth.TestBoundaries" name="test_public_routes_open[/categories]" time="0.265" /><testcase classname="tests.test_auth.TestBoundaries" name="test_public_routes_open[/store]" time="0.224" /><testcase classname="tests.test_auth.TestBoundaries" name="test_public_routes_open[/dependencies]" time="1.393" /><testcase classname="tests.test_bypass.TestBypassCRUD" name="test_create_with_cover_file" time="2.459" /><testcase classname="tests.test_auth.TestBoundaries" name="test_public_routes_open[/settings]" time="0.231" /><testcase classname="tests.test_auth.TestBoundaries" name="test_public_routes_open[/bypasses]" time="0.227" /><testcase classname="tests.test_auth.TestBoundaries" name="test_public_routes_open[/client-build/info]" time="0.034" /><testcase classname="tests.test_auth.TestBoundaries" name="test_public_routes_open[/admin-build/info]" time="0.076" /><testcase classname="tests.test_auth.TestBoundaries" name="test_public_routes_open[/]" time="0.261" /><testcase classname="tests.test_bypass.TestBypassCRUD" name="test_list_public_contains_created" time="1.120" /><testcase classname="tests.test_auth.TestBoundaries" name="test_public_library_and_download_and_purchase_create" time="2.957" /><testcase classname="tests.test_bypass.TestBypassCRUD" name="test_search" time="1.730" /><testcase classname="tests.test_auth.TestBoundaries" name="test_admin_routes_succeed_with_token" time="0.966" /><testcase classname="tests.test_bypass.TestBypassCRUD" name="test_get_404" time="0.237" /><testcase classname="tests.test_bypass.TestBypassCRUD" name="test_update" time="0.975" /><testcase classname="tests.test_auth.TestLogin" name="test_login_success" time="0.299" /><testcase classname="tests.test_auth.TestLogin" name="test_login_case_insensitive_email" time="0.362" /><testcase classname="tests.test_bypass.TestBypassCRUD" name="test_update_empty_cover_url_kept" time="0.645" /><testcase classname="tests.test_auth.TestLogin" name="test_login_wrong_password" time="0.255" /><testcase classname="tests.test_auth.TestLogin" name="test_login_wrong_email" time="0.034" /><testcase classname="tests.test_auth.TestLogin" name="test_login_missing_fields" time="0.073" /><testcase classname="tests.test_auth.TestLogin" name="test_me_with_token" time="0.080" /><testcase classname="tests.test_bypass.TestBypassCRUD" name="test_replace_file" time="3.570" /><testcase classname="tests.test_auth.TestLogin" name="test_me_without_token" time="0.456" /><testcase classname="tests.test_auth.TestLogin" name="test_me_with_garbage_token" time="0.074" /><testcase classname="tests.test_auth.TestLogin" name="test_me_with_wrong_scheme" time="1.174" /><testcase classname="tests.test_bypass.TestBypassCRUD" name="test_set_cover" time="1.177" /><testcase classname="tests.test_bypass.TestBypassCRUD" name="test_file_upload_unknown_bypass_404" time="0.357" /><testcase classname="tests.test_bypass.TestBypassCRUD" name="test_soft_delete" time="2.154" /><testcase classname="tests.test_bypass.TestBypassCRUD" name="test_create_missing_required_422" time="0.040" /><testcase classname="tests.test_bypass.TestBypassCRUD" name="test_create_without_file_allowed" time="6.732" /></testsuite></testsuites>