<?xml version="1.0" encoding="utf-8"?><testsuites name="pytest tests"><testsuite name="pytest" errors="0" failures="0" skipped="0" tests="17" time="20.016" timestamp="2026-09-02T07:38:20.730990+00:00" hostname="agent-env-3e47f42c-b45e-4974-b6a0-93db48ff22f1"><testcase classname="tests.test_keys.TestKeysAdmin" name="test_generate_key" time="1.817" /><testcase classname="tests.test_keys.TestKeysValidate" name="test_bind_then_same_pc_then_other_pc" time="4.113" /><testcase classname="tests.test_keys.TestKeysAdmin" name="test_generate_key_without_label" time="0.619" /><testcase classname="tests.test_keys.TestKeysAdmin" name="test_keys_unique" time="1.788" /><testcase classname="tests.test_keys.TestKeysValidate" name="test_key_case_insensitive_and_trimmed" time="1.163" /><testcase classname="tests.test_keys.TestKeysAdmin" name="test_delete_key" time="1.336" /><testcase classname="tests.test_keys.TestKeysValidate" name="test_unknown_key" time="0.341" /><testcase classname="tests.test_keys.TestKeysAdmin" name="test_reset_key_clears_hwid" time="2.436" /><testcase classname="tests.test_keys.TestKeysValidate" name="test_missing_fields" time="0.063" /><testcase classname="tests.test_keys.TestKeysValidate" name="test_deleted_key_not_valid" time="1.844" /><testcase classname="tests.test_keys.TestKeysAuthBoundary" name="test_admin_routes_require_token" time="2.671" /><testcase classname="tests.test_keys.TestBypassFile" name="test_small_zip_upload_and_download" time="4.905" /><testcase classname="tests.test_keys.TestKeysAuthBoundary" name="test_validate_is_public" time="1.168" /><testcase classname="tests.test_keys.TestKeysAuthBoundary" name="test_bad_token_rejected" time="1.833" /><testcase classname="tests.test_keys.TestBypassFile" name="test_create_with_external_url" time="0.588" /><testcase classname="tests.test_keys.TestBypassFile" name="test_update_file_url" time="1.176" /><testcase classname="tests.test_keys.TestBypassFile" name="test_create_bypass_requires_admin" time="4.751" /></testsuite></testsuites>