<?xml version="1.0" encoding="utf-8"?><testsuites name="pytest tests"><testsuite name="pytest" errors="0" failures="0" skipped="0" tests="95" time="65.566" timestamp="2026-09-02T07:40:39.183861+00:00" hostname="agent-env-3e47f42c-b45e-4974-b6a0-93db48ff22f1"><testcase classname="tests.test_auth.TestBoundaries" name="test_admin_route_requires_token[POST/games]" time="0.264" /><testcase classname="tests.test_auth.TestBoundaries" name="test_admin_route_requires_token[PUT/games/some-id]" time="0.033" /><testcase classname="tests.test_auth.TestBoundaries" name="test_admin_route_requires_token[DELETE/games/some-id]" time="0.073" /><testcase classname="tests.test_auth.TestBoundaries" name="test_admin_route_requires_token[POST/games/some-id/lua]" time="0.050" /><testcase classname="tests.test_auth.TestBoundaries" name="test_admin_route_requires_token[DELETE/games/some-id/lua/f1]" time="0.039" /><testcase classname="tests.test_auth.TestBoundaries" name="test_admin_route_requires_token[POST/games/some-id/cover]" time="0.036" /><testcase classname="tests.test_auth.TestBoundaries" name="test_admin_route_requires_token[POST/dependencies]" time="0.076" /><testcase classname="tests.test_bypass.TestBypassCRUD" name="test_create_with_file_and_download" time="3.193" /><testcase classname="tests.test_auth.TestBoundaries" name="test_admin_route_requires_token[DELETE/dependencies/some-id]" time="0.690" /><testcase classname="tests.test_auth.TestBoundaries" name="test_admin_route_requires_token[PUT/settings]" time="0.082" /><testcase classname="tests.test_auth.TestBoundaries" name="test_admin_route_requires_token[GET/purchases]" time="0.033" /><testcase classname="tests.test_auth.TestBoundaries" name="test_admin_route_requires_token[GET/purchases/count]" time="0.073" /><testcase classname="tests.test_auth.TestBoundaries" name="test_admin_route_requires_token[POST/purchases/some-id/approve]" time="0.037" /><testcase classname="tests.test_auth.TestBoundaries" name="test_admin_route_requires_token[POST/purchases/some-id/reject]" time="0.036" /><testcase classname="tests.test_auth.TestBoundaries" name="test_admin_route_requires_token[POST/bypasses]" time="0.034" /><testcase classname="tests.test_auth.TestBoundaries" name="test_admin_route_requires_token[PUT/bypasses/some-id]" time="0.035" /><testcase classname="tests.test_auth.TestBoundaries" name="test_admin_route_requires_token[DELETE/bypasses/some-id]" time="0.036" /><testcase classname="tests.test_auth.TestBoundaries" name="test_admin_route_requires_token[POST/bypasses/some-id/file]" time="0.072" /><testcase classname="tests.test_auth.TestBoundaries" name="test_admin_route_requires_token[POST/bypasses/some-id/cover]" time="0.032" /><testcase classname="tests.test_auth.TestBoundaries" name="test_public_routes_open[/games]" time="0.373" /><testcase classname="tests.test_auth.TestBoundaries" name="test_public_routes_open[/categories]" time="0.342" /><testcase classname="tests.test_auth.TestBoundaries" name="test_public_routes_open[/store]" time="0.301" /><testcase classname="tests.test_auth.TestBoundaries" name="test_public_routes_open[/dependencies]" time="0.310" /><testcase classname="tests.test_auth.TestBoundaries" name="test_public_routes_open[/settings]" time="1.476" /><testcase classname="tests.test_bypass.TestBypassCRUD" name="test_create_with_cover_file" time="2.731" /><testcase classname="tests.test_auth.TestBoundaries" name="test_public_routes_open[/bypasses]" time="0.299" /><testcase classname="tests.test_auth.TestBoundaries" name="test_public_routes_open[/client-build/info]" time="0.075" /><testcase classname="tests.test_auth.TestBoundaries" name="test_public_routes_open[/admin-build/info]" time="0.077" /><testcase classname="tests.test_auth.TestBoundaries" name="test_public_routes_open[/]" time="0.334" /><testcase classname="tests.test_auth.TestBoundaries" name="test_public_library_and_download_and_purchase_create" time="3.476" /><testcase classname="tests.test_bypass.TestBypassCRUD" name="test_list_public_contains_created" time="1.245" /><testcase classname="tests.test_bypass.TestBypassCRUD" name="test_search" time="1.866" /><testcase classname="tests.test_auth.TestBoundaries" name="test_admin_routes_succeed_with_token" time="1.175" /><testcase classname="tests.test_bypass.TestBypassCRUD" name="test_get_404" time="0.299" /><testcase classname="tests.test_bypass.TestBypassCRUD" name="test_update" time="1.165" /><testcase classname="tests.backend_test.TestGames" name="test_list_games" time="0.845" /><testcase classname="tests.test_bypass.TestBypassCRUD" name="test_update_empty_cover_url_kept" time="0.918" /><testcase classname="tests.backend_test.TestGames" name="test_seed_flags" time="0.318" /><testcase classname="tests.backend_test.TestGames" name="test_categories" time="0.884" /><testcase classname="tests.test_bypass.TestBypassCRUD" name="test_replace_file" time="4.965" /><testcase classname="tests.backend_test.TestGames" name="test_search_by_title_and_appid" time="2.084" /><testcase classname="tests.backend_test.TestGames" name="test_category_filter" time="0.622" /><testcase classname="tests.backend_test.TestGames" name="test_create_game_and_persist" time="0.633" /><testcase classname="tests.backend_test.TestGames" name="test_create_game_with_cover_file" time="2.523" /><testcase classname="tests.test_bypass.TestBypassCRUD" name="test_set_cover" time="1.564" /><testcase classname="tests.backend_test.TestGames" name="test_get_game_404" time="0.380" /><testcase classname="tests.test_bypass.TestBypassCRUD" name="test_file_upload_unknown_bypass_404" time="0.298" /><testcase classname="tests.test_bypass.TestBypassCRUD" name="test_soft_delete" time="3.071" /><testcase classname="tests.backend_test.TestGames" name="test_update_game_metadata" time="1.832" /><testcase classname="tests.backend_test.TestGames" name="test_update_empty_cover_url_does_not_wipe" time="0.908" /><testcase classname="tests.backend_test.TestGames" name="test_update_toggle_off_flags" time="0.921" /><testcase classname="tests.test_bypass.TestBypassCRUD" name="test_create_missing_required_422" time="0.043" /><testcase classname="tests.test_bypass.TestBypassCRUD" name="test_create_without_file_allowed" time="8.889" /><testcase classname="tests.backend_test.TestGames" name="test_delete_game_soft_delete" time="1.400" /><testcase classname="tests.test_auth.TestLogin" name="test_login_success" time="0.315" /><testcase classname="tests.test_auth.TestLogin" name="test_login_case_insensitive_email" time="0.263" /><testcase classname="tests.test_auth.TestLogin" name="test_login_wrong_password" time="0.264" /><testcase classname="tests.test_auth.TestLogin" name="test_login_wrong_email" time="0.079" /><testcase classname="tests.test_auth.TestLogin" name="test_login_missing_fields" time="0.052" /><testcase classname="tests.test_auth.TestLogin" name="test_me_with_token" time="0.342" /><testcase classname="tests.test_auth.TestLogin" name="test_me_without_token" time="0.043" /><testcase classname="tests.test_auth.TestLogin" name="test_me_with_garbage_token" time="0.052" /><testcase classname="tests.test_auth.TestLogin" name="test_me_with_wrong_scheme" time="0.055" /><testcase classname="tests.test_keys.TestKeysAdmin" name="test_generate_key" time="1.226" /><testcase classname="tests.test_keys.TestKeysAdmin" name="test_generate_key_without_label" time="0.574" /><testcase classname="tests.test_keys.TestKeysAdmin" name="test_keys_unique" time="1.795" /><testcase classname="tests.test_keys.TestKeysAdmin" name="test_delete_key" time="1.257" /><testcase classname="tests.test_keys.TestKeysAdmin" name="test_reset_key_clears_hwid" time="3.453" /><testcase classname="tests.backend_test.TestPurchaseFlow" name="test_store_listing_flags" time="1.563" /><testcase classname="tests.backend_test.TestPurchaseFlow" name="test_full_purchase_approve_flow" time="11.016" /><testcase classname="tests.test_keys.TestKeysValidate" name="test_bind_then_same_pc_then_other_pc" time="2.197" /><testcase classname="tests.test_keys.TestKeysValidate" name="test_key_case_insensitive_and_trimmed" time="1.161" /><testcase classname="tests.test_keys.TestKeysValidate" name="test_unknown_key" time="0.349" /><testcase classname="tests.test_keys.TestKeysValidate" name="test_missing_fields" time="0.129" /><testcase classname="tests.test_keys.TestKeysValidate" name="test_deleted_key_not_valid" time="1.757" /><testcase classname="tests.test_keys.TestBypassFile" name="test_small_zip_upload_and_download" time="4.429" /><testcase classname="tests.backend_test.TestPurchaseFlow" name="test_reject_flow" time="3.191" /><testcase classname="tests.test_keys.TestBypassFile" name="test_create_with_external_url" time="1.461" /><testcase classname="tests.test_keys.TestBypassFile" name="test_update_file_url" time="1.226" /><testcase classname="tests.test_keys.TestBypassFile" name="test_create_bypass_requires_admin" time="7.344" /><testcase classname="tests.backend_test.TestPurchaseFlow" name="test_approve_unknown_purchase_404" time="0.315" /><testcase classname="tests.backend_test.TestPurchaseFlow" name="test_public_game_package_without_device" time="0.694" /><testcase classname="tests.backend_test.TestPurchaseFlow" name="test_library_requires_device_code" time="0.035" /><testcase classname="tests.test_keys.TestKeysAuthBoundary" name="test_admin_routes_require_token" time="1.189" /><testcase classname="tests.test_keys.TestKeysAuthBoundary" name="test_validate_is_public" time="1.140" /><testcase classname="tests.test_keys.TestKeysAuthBoundary" name="test_bad_token_rejected" time="0.686" /><testcase classname="tests.backend_test.TestLua" name="test_upload_and_remove_lua" time="4.922" /><testcase classname="tests.backend_test.TestFiles" name="test_download_missing_file_404" time="0.294" /><testcase classname="tests.backend_test.TestFiles" name="test_download_path_traversal_blocked" time="0.060" /><testcase classname="tests.backend_test.TestFiles" name="test_download_requires_path" time="0.086" /><testcase classname="tests.backend_test.TestDependencies" name="test_dependency_crud" time="3.050" /><testcase classname="tests.backend_test.TestLua" name="test_upload_lua_unknown_game_404" time="0.296" /><testcase classname="tests.backend_test.TestHealth" name="test_root" time="1.879" /><testcase classname="tests.backend_test.TestSettings" name="test_get_and_update_settings" time="1.786" /><testcase classname="tests.test_concurrency" name="test_concurrent_reads_no_500" time="6.623" /></testsuite></testsuites>