<?xml version="1.0" encoding="utf-8"?><testsuites name="pytest tests"><testsuite name="pytest" errors="0" failures="0" skipped="0" tests="26" time="34.440" timestamp="2026-09-01T20:08:45.505964+00:00" hostname="agent-env-3e47f42c-b45e-4974-b6a0-93db48ff22f1"><testcase classname="tests.backend_test.TestHealth" name="test_root" time="0.722" /><testcase classname="tests.backend_test.TestGames" name="test_list_games" time="0.303" /><testcase classname="tests.backend_test.TestGames" name="test_seed_flags" time="0.245" /><testcase classname="tests.backend_test.TestGames" name="test_categories" time="0.248" /><testcase classname="tests.backend_test.TestGames" name="test_search_by_title_and_appid" time="0.530" /><testcase classname="tests.backend_test.TestGames" name="test_category_filter" time="0.482" /><testcase classname="tests.backend_test.TestGames" name="test_create_game_and_persist" time="0.785" /><testcase classname="tests.backend_test.TestGames" name="test_create_game_with_cover_file" time="1.915" /><testcase classname="tests.backend_test.TestGames" name="test_get_game_404" time="0.548" /><testcase classname="tests.backend_test.TestGames" name="test_update_game_metadata" time="0.992" /><testcase classname="tests.backend_test.TestGames" name="test_update_empty_cover_url_does_not_wipe" time="0.713" /><testcase classname="tests.backend_test.TestGames" name="test_update_toggle_off_flags" time="0.732" /><testcase classname="tests.backend_test.TestGames" name="test_delete_game_soft_delete" time="1.048" /><testcase classname="tests.backend_test.TestLua" name="test_upload_and_remove_lua" time="5.434" /><testcase classname="tests.backend_test.TestLua" name="test_upload_lua_unknown_game_404" time="0.269" /><testcase classname="tests.backend_test.TestDependencies" name="test_dependency_crud" time="2.722" /><testcase classname="tests.backend_test.TestSettings" name="test_get_and_update_settings" time="1.472" /><testcase classname="tests.backend_test.TestPurchaseFlow" name="test_store_listing_flags" time="0.902" /><testcase classname="tests.backend_test.TestPurchaseFlow" name="test_full_purchase_approve_flow" time="7.475" /><testcase classname="tests.backend_test.TestPurchaseFlow" name="test_reject_flow" time="2.347" /><testcase classname="tests.backend_test.TestPurchaseFlow" name="test_approve_unknown_purchase_404" time="0.255" /><testcase classname="tests.backend_test.TestPurchaseFlow" name="test_public_game_package_without_device" time="0.511" /><testcase classname="tests.backend_test.TestPurchaseFlow" name="test_library_requires_device_code" time="0.086" /><testcase classname="tests.backend_test.TestFiles" name="test_download_missing_file_404" time="0.468" /><testcase classname="tests.backend_test.TestFiles" name="test_download_path_traversal_blocked" time="0.047" /><testcase classname="tests.backend_test.TestFiles" name="test_download_requires_path" time="3.127" /></testsuite></testsuites>